<?xml version="1.0" encoding="UTF-8"?>
<testng-results skipped="0" failed="0" ignored="0" total="1" passed="1">
  <reporter-output>
  </reporter-output>
  <suite name="Surefire suite" duration-ms="40" started-at="2021-08-27T12:33:53 IST" finished-at="2021-08-27T12:33:54 IST">
    <groups>
    </groups>
    <test name="Surefire test" duration-ms="40" started-at="2021-08-27T12:33:53 IST" finished-at="2021-08-27T12:33:54 IST">
      <class name="com.testng.AppTest">
        <test-method status="PASS" signature="shouldAnswerWithTrue()" name="shouldAnswerWithTrue" duration-ms="12" started-at="2021-08-27T12:33:53 IST" finished-at="2021-08-27T12:33:54 IST">
          <reporter-output>
          </reporter-output>
        </test-method> <!-- shouldAnswerWithTrue -->
      </class> <!-- com.testng.AppTest -->
    </test> <!-- Surefire test -->
  </suite> <!-- Surefire suite -->
</testng-results>
